<?xml version="1.0" encoding="UTF-8"?>
<!-- Generated by org.testng.reporters.JUnitReportReporter -->
<testsuite hostname="DESKTOP-URQHE90" failures="0" tests="1" name="Tests.GoogleSearchTestCases" time="13.016" errors="0" timestamp="2021-12-27T20:37:21 EET" skipped="0">
  <testcase classname="Tests.GoogleSearchTestCases" name="googleSearchTest_01" time="13.016"/>
  <system-out/>
</testsuite> <!-- Tests.GoogleSearchTestCases -->
