<?xml version="1.0" encoding="UTF-8"?>
<!-- Generated by org.testng.reporters.JUnitReportReporter -->
<testsuite hostname="DESKTOP-URQHE90" failures="0" tests="1" name="Tests.GoogleSearchTestCases" time="26.702" errors="0" timestamp="2021-12-27T22:13:31 EET" skipped="0">
  <testcase classname="Tests.GoogleSearchTestCases" name="googleSearchTest_01" time="26.702"/>
  <system-out/>
</testsuite> <!-- Tests.GoogleSearchTestCases -->
